\BOOKMARK [2][-]{section*.5}{\376\377\000T\000r\000a\000n\000s\000p\000a\000r\000e\000n\000c\000y\000\040\000a\000n\000d\000\040\000O\000p\000e\000n\000n\000e\000s\000s}{}% 1
\BOOKMARK [1][-]{section*.6}{\376\377\000E\000x\000p\000e\000r\000i\000m\000e\000n\000t\000\040\0001}{}% 2
\BOOKMARK [2][-]{section*.7}{\376\377\000E\000x\000p\000e\000r\000i\000m\000e\000n\000t\000\040\0001\000a}{section*.6}% 3
\BOOKMARK [2][-]{section*.8}{\376\377\000M\000e\000t\000h\000o\000d}{section*.6}% 4
\BOOKMARK [3][-]{section*.9}{\376\377\000P\000a\000r\000t\000i\000c\000i\000p\000a\000n\000t\000s\000.}{section*.8}% 5
\BOOKMARK [3][-]{section*.10}{\376\377\000M\000a\000t\000e\000r\000i\000a\000l\000s\000.}{section*.8}% 6
\BOOKMARK [3][-]{section*.13}{\376\377\000D\000e\000s\000i\000g\000n\000.}{section*.8}% 7
\BOOKMARK [3][-]{section*.14}{\376\377\000P\000r\000o\000c\000e\000d\000u\000r\000e}{section*.8}% 8
\BOOKMARK [2][-]{section*.15}{\376\377\000E\000x\000p\000e\000r\000i\000m\000e\000n\000t\000\040\0001\000b}{section*.6}% 9
\BOOKMARK [2][-]{section*.16}{\376\377\000M\000e\000t\000h\000o\000d}{section*.6}% 10
\BOOKMARK [3][-]{section*.17}{\376\377\000P\000a\000r\000t\000i\000c\000i\000p\000a\000n\000t\000s\000.}{section*.16}% 11
\BOOKMARK [3][-]{section*.18}{\376\377\000M\000a\000t\000e\000r\000i\000a\000l\000s\000,\000\040\000D\000e\000s\000i\000g\000n\000,\000\040\000a\000n\000d\000\040\000P\000r\000o\000c\000e\000d\000u\000r\000e\000.}{section*.16}% 12
\BOOKMARK [2][-]{section*.19}{\376\377\000R\000e\000s\000u\000l\000t\000s}{section*.6}% 13
\BOOKMARK [2][-]{section*.21}{\376\377\000D\000i\000s\000c\000u\000s\000s\000i\000o\000n}{section*.6}% 14
\BOOKMARK [1][-]{section*.22}{\376\377\000E\000x\000p\000e\000r\000i\000m\000e\000n\000t\000\040\0002}{}% 15
\BOOKMARK [2][-]{section*.24}{\376\377\000M\000e\000t\000h\000o\000d}{section*.22}% 16
\BOOKMARK [3][-]{section*.25}{\376\377\000P\000a\000r\000t\000i\000c\000i\000p\000a\000n\000t\000s\000.}{section*.24}% 17
\BOOKMARK [3][-]{section*.26}{\376\377\000M\000a\000t\000e\000r\000i\000a\000l\000s\000,\000\040\000D\000e\000s\000i\000g\000n\000,\000\040\000a\000n\000d\000\040\000P\000r\000o\000c\000e\000d\000u\000r\000e\000.}{section*.24}% 18
\BOOKMARK [2][-]{section*.27}{\376\377\000R\000e\000s\000u\000l\000t\000s}{section*.22}% 19
\BOOKMARK [3][-]{section*.31}{\376\377\000A\000n\000a\000l\000y\000s\000i\000n\000g\000\040\000t\000h\000e\000\040\000e\000g\000o\000c\000e\000n\000t\000r\000i\000c\000i\000t\000y\000\040\000o\000f\000\040\000l\000e\000a\000r\000n\000i\000n\000g}{section*.27}% 20
\BOOKMARK [3][-]{section*.33}{\376\377\000A\000w\000a\000r\000e\000n\000e\000s\000s\000\040\000t\000e\000s\000t}{section*.27}% 21
\BOOKMARK [2][-]{section*.34}{\376\377\000D\000i\000s\000c\000u\000s\000s\000i\000o\000n}{section*.22}% 22
\BOOKMARK [1][-]{section*.35}{\376\377\000G\000e\000n\000e\000r\000a\000l\000\040\000D\000i\000s\000c\000u\000s\000s\000i\000o\000n}{}% 23
\BOOKMARK [1][-]{section*.36}{\376\377\000R\000e\000f\000e\000r\000e\000n\000c\000e\000s}{}% 24
